beginning
healer
grudgingly
distance
restraints
Persons'
boded
dirty
piety
telling
marry
lengths
Kings
minority
Wouldn't
completed
hast
lowering
shout
restored
heedful
knew
senseless
vehement
departed
taxes
sacrifices
groaned
Wot
Bastille
idlest
believing
petrified
right
quickly
adverbiously
involving
recalling
insinuation
severity
suffocation
leathern
mingle
proof
won't
ebbing
dreamlike
watches
noted
secondly
reserved
jug
identification
reticule
Thousand
shouldered
Lightning
exemplary
Small
asking
thirdly
mournfully
Nature's
accomplishing
Married
coverlet
legged
surveying
debauched
Might
indifference
Believe
hinges
confided
discharged
scattered
seeing
compensate
moves
pendulum
oddest
extremely
minister
intermission
drooped
landing
legal
manifest
eat
banks
ploughs
splendour
folks
exhaustion
Having
risings
shoulders
declined
haughtily
nerves
mask
compact
significance
fourscore
Grenadier
pretended
seldom
truly
ammunition
added
dungeon
commands
Put
undoubted
tarnish
grieving
comprehend
pistols
rosy
cases
Laying
spectral
feed
Accused
breadless
gates
steamed
closely
talk
Nick's
menacingly
'My
Want
inviolate
arriving
listening
enriching
narrator
gate
guidance
lovers
deep
confiscation
plastered
lean
forces
undergraduates
rolling
cheapest
quivered
being
eyelids
chestnuts
petitions
bared
serf
hot
Dear
window
albeit
unquestionably
informer
procured
gleaming
endurance
implacably
uncle
match
cliffs
measured
accept
patriotic
elastic
suitor's
country
substantive
infamous
lunch
rabbit
distortedly
fetched
elegance
merit
home
spurning
occupation
achieved
entreatin'
brawling
raked
blooming
collar
comically
larger
soothing
misgivings
resolution
cloak
Changed
imparts
pillows
wear
reputation
checking
genuine
mechanically
weeds
takin'
frost
guide
safety
muddy
tissue
conditions
Adam
sequestration
jocosely
blessed
clutching
confined
cross
grates
contempt
Prisons
rascal
tossing
stuffed
cravat
inhabitants
vacation
shower
orgies
couple
justified
fuel
span
lock
elongate
interrupting
streets
muscle
read
epoch
measuring
spray
as
T
proviso
cruelly
mature
exception
appointments
spoke
scream
By
tramp
curses
invention
Hanging
great
impatiently
course
Hay
Ten
class
Figure
dissipated
riving
flambeau
tore
contentious
visitors
ruinating
generosity
overhanging
Fashion
paper
disfiguring
narcotic
hushed
silently
pasturing
traveller
parricide
Stilton
obliterated
gesture
destroy
blind
plunder
emotional
troublesome
shouts
fierce
Cheer
unwillingness
undiscovered
relief
axe
Anxious
deeply
protracted
implored
obvious
absolving
hole
contest
rang
earrings
besieged
twentieth
answering
descent
solemnly
malady
reasoned
tackle
proxy
pawing
'He
condole
lose
pikes
acquiescence
daylight
pieces
waylaid
powdering
moustaches
locking
purchases
frayed
fate
refolded
achieving
fellows
send
acclamations
braced
gaols
preface
pitch
squalor
Daring
Glancing
spring
clearing
insufficient
cell
chips
submission
inquiry
recounted
negligently
keener
increase
Hastily
endangered
family's
carried
cautiously
glimmering
deception
carelessly
hungered
attack
feel
holden
diplomacy
cheeks
allow
blowing
Jury's
slain
kine
totally
brilliant
quick
nakedness
tops
recovered
moody
wheeled
nights
An
apprehension
kindred
shopkeeper
Knew
Lucifer
yielding
purloiner
fortunes
Home
dutiful
joined
staunch
they
friendliness
sense
been
dictated
article
several
indignation
ferocity
Going
soared
marquis
loft
bailiff
calling
lord
Unsettled
instruments
inconvenient
denote
exaltation
Gentleman's
Confided
discomposed
booked
straining
equality
prattling
refined
But
mantle
principle
grudge
unselfishness
confidence
holds
adjuration
daily
causing
perceive
serviceable
put
agent
fire
stand
decayed
Tracing
crystal
shaming
wheel
debt
detain
respect
repressed
blasphemous
deducing
renew
receiving
following
originating
trusted
excitement
Company
entrusted
hacked
waiter
spikes
lulled
manner
turning
peril
unbidden
Hooray
tigerish
consequent
receive
describing
challenged
Seven
fasting
Izaak
mutter
stony
pain
grimy
rights
peep
incumbrance
fortunately
unruly
happy
church
guess
floor
retrospect
pamphlets
horseback
Soho
roosted
casements
pick
mahogany
chimneys
comforted
Never
rumour
hangman
rage
Let
Virtue
dwelling
extermination
unhealthy
vociferating
lethargy
flutter
Hardly
unselfish
disciples
improbable
sofa
Rock
repetition
perform
knot
Peace
Under
transparent
desk
snake
recommend
Saving
terrace
deemed
assisted
connected
events
Green
dine
explanation
pavements
Wishing
advantage
nodding
mamma
subtle
footpace
confess
queer
improving
beside
contradictory
People
interruption
unknown
Leonora
Carmagnole
exaggerated
essential
slightly
beastly
couldn't
both
tenderly
distinguished
hand
wouldn't
come
nightcaps
shredding
unconsciousness
'Gentlemen
herein
powerless
attractive
wildest
chisel
calmness
persons
document
clutched
buckles
vigour
carousing
successfully
whose
Professor
seizing
bodily
infused
polished
box
intersect
frill
Dover
responsibility
sinner
injunction
pairs
detach
tolerated
incidental
discarded
coercion
deferentially
services
dusky
noticing
eavesdropper
left
grindstone
approval
cloth
relinquish
threshold
pernicious
well
essence
upper
glasses
Lost
D'ye
Fortress
Hah
contents
Judge
pitiable
escorted
recommended
unless
wantonly
basket
plough
shutting
robbed
conveying
tend
napkin
wander
instinctively
howling
halo
tax
an
measure
farrier
meditated
mightily
downward
grandfather
stain
Drawing
disagreeable
resuming
devotees
skilful
gander
ludicrous
vengeance
mist
gentleman's
supple
Gracious
slave
representing
rip
nose
anywhere
tyrants
vigourous
unimagined
society
parent
filthy
importance
mustard
incredulity
initial
decent
Prisoners
improvement
vaulted
tremulous
partly
dispersal
relate
unnat'ral
Rising
shrewd
deplorable
Term
commenting
bear
you're
Lombard
quarter
Within
Mrs
To
stalwart
ligatures
Sardanapalus's
trotted
do
custody
displacements
drudge
rayther
shouted
your'n
nailed
Pretty
sputtering
often
hackney
wickedly
vivacity
tempted
pleasures
sins
jack
smiting
treading
ravaged
conceited
smacked
ingenuity
arraigned
greatnesses
good
oh
demean
spreading
caressingly
ankles
additional
Hurry
gloom
valuable
sucked
Ville
thump
depart
Recalled
thankful
knuckled
sandy
embraced
jalousie
golden
height
flush
conscience
broader
relapses
battles
indicate
claptrap
beautiful
hut
struggling
spencer
brightly
In
loose
inexorable
Models
infection
pure
skirt
cheque
XVIII
married
dints
immolations
belt
soils
issued
Shall
enough
murmuring
vogue
decreed
race
pale
scarcely
'Then
enjoying
Promises
spend
haunt
sits
jumbled
vanities
devouring
chariot
passive
harboured
walked
parallels
coal
father
exaggeration
tied
Can't
violently
vice
inquisitively
expressed
suddenly
intentions
repaying
hay
sufferer
rivers
feared
arrive
Children
throttled
IT
unto
oppressive
older
greater
engaging
keep
news
purposely
noticed
looked
doubted
steel
vividly
Sunday
remarked
reverses
elbows
passenger
public
tiled
words
steeper
German
compass
presentiment
respective
passing
inns
lions
fountains
Straining
ruminating
complexion
gulf
sanction
whom
reflect
beholders
Yes
banking
execute
secure
defend
consequently
coins
healing
tamper
movable
hurrying
teems
favourite
fail
Where
desired
overpowered
terminated
bowed
gamut
degree
pilferer
pistol
However
jealous
shoemaker's
concluded
nearer
himself
smith
repudiated
disgrace
filled
chambers
decease
headlong
Yaha
codgers
exterminating
tempter
gallon
creeturs
coaches
art
stiff
dying
astern
borrowed
fact
gleamed
Christmas
Boldface
Channel
clasping
coldly
leaves
Mysterious
inaugurated
spare
likewise
merciful
announcing
sets
tangle
net
rents
coarsest
abominable
murky
Jeremiah
lumps
coast
He's
Her
weather
obey
generality
humble
O
suction
enfolded
pressure
Army
far
feminine
apparent
naturally
strips
paces
Harlequin
dubiously
bewildering
degenerate
Undertaking
Northward
interpreter
desert
fro
allowance
only
shown
required
undertook
sword
mentally
disquieted
ceremony
toiled
frozen
remembering
friends
untiring
wiping
encampment
odours
Granted
bath
steaming
entreated
'Do
inscrutability
lofty
roughened
Drawn
debating
Jacques
whereof
nervously
surprises
voluntarily
negative
earning
pair
horse
knocked
snuff
command
Tea
toilettes
discomfited
Simply
insolent
hammers
stake
fight
opener
'Nation
Shadows
ridge
sacrificed
solicitor
recommends
overtaking
peck
book
showering
substituting
Ask
England
sit
kep'
revenge
restless
hail
decoration
fulfilment
Beginning
caricaturing
Gradually
Blood
smithy
Some
interests
hesitation
sharpness
succour
sick
watchman
Cow
flown
influential
appeals
compose
emerged
carrying
repeating
rudely
crag
glances
Defarge
blood
impoverished
soft
altered
marriage
rust
valued
directions
hoisting
Which
conveyed
moment's
divinities
Tell
incommode
rains
convent
paying
postilions
encouragement
uncertainty
Leave
announcement
weaker
hoofs
shed
keenly
juryman's
rack
forgetfulness
brotherhood
plunderers
clashing
smoother
courtyard
dogs
enabling
Only
scarce
intention
heated
defeat
Arabian
explaining
symbols
clearance
tapping
drum
reaping
saucers
mastery
garnished
adjoining
attenuated
yearning
RECALLED
unswallowed
empannelled
preceded
HERETOFORE
anticipation
excited
forge
use
ship's
adust
regard
abstractedly
Picture
gnawed
Regard
clung
deliver
him
With
'Say
swells
Woodman
Equality
heading
Stranger
Ladybird
murmured
rent
hailed
cinderous
trusting
unacquainted
immunities
wherever
splits
fishermen
mildly
cap
resigning
steeling
serious
first
unable
follow
Fairy
pads
file
descript
jolted
retired
sequestrated
footed
Be
aristocrats
Lo
cares
banquets
ashamed
elsewhere
attraction
neat
America
preparations
outwards
king
registers
walnut
bite
soundness
swinging
sarcastic
sunflower
ago
garment
clerks
doubt
Convulsionists
rose
toast
mirage
erst
E
doubtfully
overborne
ray
Worse
which
withdrawn
Genuine
voice
mad
pined
trinkets
Free
rein
heretofore
needful
chin
foreheads
combined
placing
attainments
beaten
patchwork
separated
VI
attempt
fitting
engrained
Loud
honoured
soldiers
musingly
whirling
despoiled
speed
Westminster
pressed
powder
ascents
scrubbed
Brothers'
hutches
plea
chemist's
thirds
smoke
cooked
King
overwhelm
baker
settled
acquirements
diseases
lantern
And
day's
chest
absolute
charged
stick
omitted
Rustling
blue
fearfully
pinched
remodelled
C
fishes
awakening
chateau
forfeits
Preparation
produce
cheated
offered
VII
believe
destruction
mire
months
betimes
Companion
running
flints
emerging
obligation
distinctions
True
followed
dejected
morally
musketeers
Forbid
Spirit
rubbed
sober
kennel
Pass
passionate
sighed
amicably
properties
rumbled
naval
penitential
fervently
detention
melting
going
constantly
specks
room
Show
canter
nicety
Devils
vestige
difficulty
incessantly
formerly
sneak
stay
steadfastness
suffocated
rooms
numerous
rod
Wait
infinitely
beats
internal
blight
coolly
foremost
pathetic
perpetuating
dimensions
floppin'
urns
Sainte
settles
imperious
task
Armed
Hounsditch
containing
defenceless
susceptibility
parchment
Mam'selle
abundance
hearse
waiters
Doctors
incident
Thenceforth
husband's
flaxen
faltering
spin
cheery
sought
involve
tune
drove
pith
suppressed
service
halting
boastfulness
sweet
overlooked
era
Instantly
School
Opinion
tail
universe
Juryman
outdone
other's
garrison
dire
vigilant
consternation
stomachs
accumulating
obscurity
training
subordinates
villainy
oddly
Banker
composedly
leader's
crumbling
erase
row
kneeled
Fluttering
release
Lose
passionately
Next
jostling
doubts
fields
maniacal
completely
base
haunting
kissing
Charles's
declared
adjure
unsteadily
filing
breasts
You
boundaries
keeper
crawl
blindly
direction
confiding
title
Daylight
capacity
timorous
snuffed
inarticulately
coherently
Property
Plots
wetted
watchtower
yours
lodgers
wrongs
hardihood
exertion
hanging
practised
wore
Pray
outwardly
Lying
forty
royal
fifteen
Quietly
worldly
clapping
forth
overset
economy
warnings
grinding
imposes
hardship
kept
soldiery
billows
marrow
merited
seconds
trident
depend
Giles's
smallness
somewhere
vulgar
one's
deplore
occupations
confused
foundations
clothing
dictate
impression
accents
here's
throne
herself
foolishness
barber
characteristic
supplicatory
outweigh
entertainment
stands
swoons
flung
brethren
wisdom
philosopher
oppressions
outwatched
devotion
hazard
shutters
beloved
opened
aristocrat
Midnight
closet
floppings
profounder
swelled
prisons
Guard
washing
frantic
sister
fretted
roused
cast
many
hid
Generals
clammy
sunk
saddle
shield
Gabelle's
aids
editor
spelt
interposed
Banking
relied
remembrances
pauses
tobacco
play
'Hush
forgot
struck
extent
regained
expectantly
private
chivalrous
confidential
bones
respects
she'll
sacred
rejoiced
Emigrant
'that
unnaturally
abed
plundered
None
particle
wringing
sickliest
natural
Business
poured
emergence
picnic
unornamental
quantities
tenderness
pierced
admit
flinched
capricious
ringing
cook
identified
selfish
Answer
unbrutalised
episcopal
yielded
opinion
waters
monarchs
dearest
Projector
pitied
Saviour
moroseness
wretchedest
vagabond
size
friendly
goods
weight
interview
locality
strength
stillness
disobey
outward
attained
unattended
peevish
dormant
thereabouts
platform
record
six
impeach
magnificent
examine
blunt
unreservedly
Keys
composed
deeds
Company's
moderate
remedy
narrative
portentously
officiating
'pardon
energy
conductors
teaboard
Cly's
sack
lights
odour
roadway
energetic
depository
heart
Keep
chink
teacher
packet
mattress
outnumbering
fardens
returned
III
share
Scanty
unshaped
cautionary
talkers
her
clenched
restrained
salutation
rushes
girl
before
twin
responsive
view
mania
indifferently
sustaining
resonance
festival
altercation
Pickle
ambassadors
tortured
cropped
sale
wonders
groaning
monotonously
precious
desolate
governor's
induced
unnecessarily
deftly
entreats
Poor
Messrs
quay
applied
unopened
drink
hearth
REVOLUTION
tyrant
associations
predicated
listened
Seeing
assassinated
pursuance
avow
morrow
slowness
repay
employing
assured
stepped
Concord
muskets
Few
mingled
didn't
melancholy
landlady
humility
chafed
Consolation
gestures
sobriety
eagles
installed
cheekbones
rises
lavished
failed
red
quickened
liar
Congratulatory
passage
'BARSAD'
compressed
smaller
pleasure
swallow
thumb
upshot
delay
backgammon
best
fried
drier
countries
stoppages
demand
exacted
juryman
impart
frying
Future
calamity
inclination
expostulation
pieman
lounging
Public
Substance
tigress
infallible
multitude
destinations
picture
looking
lieutenant's
Flashing
driving
interpose
mote
wishes
ally
avenues
tamed
sleeps
providing
bodies
Chemists
ripening
stored
strayed
Circumference
distressing
housetop
dirt
insulters
Condemned
wearing
sufferers
gradations
reservation
number
informing
officers
Knitting
prised
explanatory
unwholesomely
inconsistencies
forget
land
agility
lemons
courtesies
coquette
attributable
meddlesome
Removed
flopping
fruitful
clothes
forest
Dame
horn
jargon
rapid
referred
uttered
quickening
annihilated
Straight
footsteps
Him
bursting
insatiate
seers
blinds
dictionary
Here
stipulations
assurances
harming
congratulated
Three
kinds
plump
temporarily
decipher
turned
Upon
abandon
imposed
Germain
pastors
Close
gnashing
faculty
reported
accoutred
From
pleasantly
similar
overstay
despatched
dining
topics
diggin'
exceedingly
Barbarous
XV
accursed
resemble
payment
snow
mourn
laboured
Thrown
spite
winches
gradually
sleep
fascination
disappointing
Pont
institution
foresee
At
pity
dropsical
relationship
sometimes
fraud
county
frightening
guttering
Dreaming
scanty
field
carpenters
soil
stint
method
ascertain
wipe
vaguely
Pagan
wigged
dozing
scholar
immature
melted
frizzled
machine
examined
monster
menaced
gender
despoil
carefully
candles
Resurrection
creeps
misery
arrest
Struck
thereby
symbolical
associating
ivy
nervous
horse's
despondency
getting
he'd
even
George
hairs
Old
Englishman
dissolute
flushing
sad
undertakers
foolish
estate
terrors
dumb
chosen
uninvited
Openly
winding
hours
fineness
disordered
otherwise
olfactory
foaled
Calm
resin
rustled
wit
resolved
MARQUIS
chamber
squalid
enshrouded
shone
committing
curtseyed
atomics
amiss
credentials
sharp
meaning
besetting
antecedents
desertion
Across
holsters
Cross
sipping
juncture
those
fallen
protested
modestly
stirring
within
hope
benighted
dammed
Un's
wayfarer
Ever
savoury
drooping
master's
so
whirlpool
sincere
portrait
biding
Sorceress
farthing
gesticulation
inquired
Stopping
Chase
retreats
cause
ogled
perches
series
defended
staircase
bars
o'
modest
lanterns
dismal
gallantry
forgiveness
conduct
silk
childhood
writer's
fascinating
watchfulness
followers
exasperation
marvel
comers
gnawing
identify
honest
thunder
yieldings
visibly
cradle
burdens
Ogre
idiots
recruiting
Follow
sorry
Again
sorrowing
wildly
Tst
lengthen
suppose
discovering
congress
job
fanned
visitation
'Under
playing
cages
placid
whiles
caste
extremes
Responding
prodigious
fore
nobleman
'the
earliest
atonement
reception
impulse
Into
station
feverish
glad
ay
agonised
solving
drafts
toned
politic
surprised
uniformity
shattered
threes
affect
dusk
Yah
scoundrel
strengthened
fished
effected
litter
gets
deem
advantages
bestowed
trembled
gossip
chattered
Dunstan's
thirsty
tumbrils
treason
lieutenant
agency
seeming
laden
clasp
solid
history
thorough
betrothal
comfortable
bethinking
Frenchmen
tenth
crimes
Wife
degradation
vigilance
surrendered
interrupted
groped
strolled
untouched
pray
avoid
pilotage
livelihood
uplifted
countersigned
luxury
ball
personage
should
fancy
schemes
consent
peered
Barmecide
unmoved
resolutely
apostrophising
suspense
stress
fellowship
reckoning
Captain
hospital
retaken
Earnestness
dearer
reasons
yield
Noon
peeped
retraced
phrase
Lastly
person
Thames
anon
subornation
Swear
reigned
suitably
trebly
professed
difficult
saluted
Sixty
frenzy
Similarly
fountain
frown
Argued
absolutely
rests
commencement
thoughtful
younger
principal
communication
lines
glance
deceive
shrieks
Furies
passers
seamstress
just
posting
dividing
meat
lottery
starving
extracting
V
beasts
hilt
lady's
neighbour
extra
late
assiduously
mirror
Conspicuous
dissociated
slipped
seven
likeliest
amendment
relieving
follower
observing
loaded
Foreign
minutes'
blest
river
minded
Long
occurrences
upward
sounding
companies
munificent
jar
inaudible
began
sumptuous
Even
qualified
wandered
crones
figures
pressing
sat
prison
slake
fastest
smoking
sheer
displaced
heels
whiter
favourable
gown
moans
gently
Hundred
infraction
cheerfulness
reversed
gloomy
Sydney
arrange
hurry
sympathise
rule
creeping
chopper
coachman
surname
nightmare
Climbing
enables
idiomatic
Inform
details
roar
approaching
lengthening
behind
equipages
unseen
till
happiest
afoot
boiled
hitherto
rattle
affectingly
instantly
resorted
unborn
vigorous
standing
secret
richest
punishment
glassful
choused
burnt
jangle
mount
chains
accompanied
pinch
complacency
steadfastly
close
frog
laughter
shivering
leaf
magnanimous
Courage
enduring
lifted
ever
perch
impatience
king's
disapproving
dates
perforce
Happy
XIV
disproportionate
wouldst
results
wrought
bell
embarrassments
superstition
comes
promotion
grating
reproach
houses
functionaries
were
fetch
lasting
gathering
noun
consulting
calendar
meals
storms
mistake
mentioned
ablaze
tocsin
overcoming
viewed
leaped
Clearly
reunited
ending
avowal
growing
dawning
asserted
satellite
happened
Oxford
counsellor
crosses
rumbling
famine
interrogate
heartless
annoyed
jinte
clattering
whereunto
Farmer
uncertainties
conjuration
asleep
astounded
sickness
reclining
brutality
cracked
billowy
superstitious
weaknesses
Above
'No
memory
namesake
most
prepared
disinterestedly
stronger
Republicans
representations
timber
saunter
hummed
firm
surface
leastways
driver
law
subsided
implements
ticking
proofs
surfaces
bowl
scrawled
Loo
conflict
continually
frequent
procedure
prediction
upright
ha
branched
died
Indeed
lain
westward
grasp
dressing
slinking
affection
wrecks
jerked
strait
coupled
ill
gazing
galling
seacoast
moon
Carton's
some
fresh
queen
furrow
traitorously
faintness
chinks
murder
production
justly
muffler
Die
trooping
reached
sooner
dictating
teach
State
upstairs
plotter
actually
Jurymen
sweetly
windows
bridle
hush
sullenly
fish
brief
Wine
blended
furnished
Teacher
maturity
transmutation
speedy
blackened
shouldering
markings
careless
writing
paleness
ambuscade
ordered
convenience
collect
spilled
miserably
pondering
urge
dirtied
undirected
sawed
There
ventured
listener
afresh
stuck
mourner
paced
lazy
natives
angle
whistled
voluptuous
madmen
tempt
grow
torn
aware
pane
pledged
name
Am
clasped
beyond
corner
hint
Headlong
rising
balance
conductor
active
endowments
system
finesse
stare
possessing
ruin
prewaricate
objects
very
boy's
aggravation
minutes
jaw
money
constituted
souring
simple
lawful
idling
plied
result
moreover
guided
retributive
mused
promptly
wept
sprang
council
extreme
sustained
racks
forbade
shivered
rub
Immediately
evident
deportment
aside
girdle
repentance
appeal
network
boom
evincing
Tutor
enfolding
you
chilled
backs
commenced
recollect
woman's
terraces
slender
flapped
try
momentarily
toilet
plate
cupboard
usual
Walton
pot
partner
goers
centre
shocked
night
showing
Anna
unfeeling
impatient
Babel
Door
can't
'Wait
sleek
customary
prostrated
performed
It
immediately
routine
fools
droll
unimpaired
genteel
construction
Trial
tongue
steepest
personality
fervour
Father's
Arrested
leanest
dockyard
fowl
cannon
vessel
uncarpeted
Heaven's
corrected
dressed
firewood
dry
slumbering
Judged
monstrously
curator
elegant
conferring
offal
secreted
calculations
occupy
Nature
indifferent
Tilson
barrier
Thirty
marks
flying
patronage
There'd
eight
midst
Holiest
imperturbable
divine
ardour
sublimer
'With
Magnificent
compliments
distrust
belated
airs
Among
pace
fool
numbers
advanced
selection
quainter
Book
responsible
overladen
Redheads
Better
Lewis
riches
purpose
miscellaneous
Ball
is
seat
hunger
suggesting
drowning
coinage
mine
faring
deepening
protection
appeared
byways
recognise
saddles
immaculate
roasting
extraordinary
pendent
deafening
year
account
gayest
chained
blows
potato
thundered
Exchange
persuaded
why
summoned
aloft
loosely
scenes
escape
wisest
benefactors
Evremonde
comely
sunburnt
wishing
wretches
shops
transformation
awfulness
assassins
That's
presses
visitor
tolerate
scoundrels
begirt
brooded
suitor
musical
clock
serving
despair
maternal
Ludgate
inexperienced
ground
bump
leads
incompleteness
tradesman
signs
rapturously
grief
conduced
filaments
Have
relative
walking
bowing
meet
apparatus
Ernest
seek
cloaks
Foulon
disorderly
Worth
provident
Courtyard
environed
Professors
culminated
flare
dagger
timed
forenoon
languishing
Memory
fly
Missionary
awoke
courageous
verdict
herd
remarks
soldiers'
loosened
remote
counted
quietly
salute
trading
fared
stool
repression
wink
pull
Devonshire
classes
Bully
girl's
restorative
common
considerate
languages
slow
authority
imperfect
popularity
eventide
reckonings
wilfully
luckier
shock
way
admonitory
brains
Unencumbered
mankind
afflicted
Examination
impaired
underneath
despond
ain't
withdrawing
relapse
shrink
temperament
mouths
welcome
squeeze
dealt
Answering
caps
ignorance
knotting
Extermination
worried
peace
shrieking
meekness
bright
forage
pledge
addition
remembered
bareheaded
age
homes
hold
beg
arranged
ale
sheared
minute
end
sly
partners
observation
unsteady
curtain
quality
orator
gentle
streaming
steadily
orders
palace
facilities
degrading
shouting
sufficient
imposts
touches
stem
corrupted
betook
transact
heed
burden
emphasis
inmates
damned
begged
bloodless
shoulder
numskulls
'ud
belong
loathsome
eyes
waterspout
Up
spinning
emulative
Somebody
uneasiness
became
triumvirate
drawn
seasons
irresolutely
can
doubly
plodding
vile
parcels
hastened
lately
shelter
bark
Pay
Brave
feature
abuse
affidavit
'in
matters
correct
dig
observantly
wonder
draw
sudden
imperil
whatever
portion
England's
pumps
favours
wasn't
seesaw
acceptation
congenial
glowing
imprinted
ox
child's
unaltered
Medicine
sores
crossed
goes
armoury
hundreds
semblance
graciously
wiry
captivity
slightest
concert
Michaelmas
integrity
thanks
reason
workshop
whimpering
Work
bosom
Remember
birthdays
coincidences
despise
wreaths
destiny
smokeless
sustain
Barrier
Exceedingly
lives
during
plots
families
leaned
near
blunderbuss
market
chewing
tips
mortgage
death
laughed
blush
Ho
virtues
brings
ungently
else
Reins
mysteries
guesses
pages
commissioned
household
Aggerawayter
firmly
shallow
During
refugee
briskly
XX
broke
kneeling
nightfall
dared
pipe
raised
watery
glow
indignantly
dies
mariner
Crown
coloured
cope
baseness
TWO
outstrip
opposite
important
table
ailing
dingier
admired
bull
auditory
mistrustful
Quite
beheld
bliss
affectionate
salts
Footsteps
who's
host
determination
brother
Rendered
convivial
spluttered
cut
misfortunes
smelt
brightened
Mere
stairs
treasure
overcast
tethered
moment
widow
falsely
bold
Fleet
misused
fell
cease
roaring
gaze
marched
mediation
denying
East
courage
fathers
rows
Deep
flint
astounding
alike
amazement
screeched
bill
abated
lasted
fatal
enlarged
furtherance
wicked
sending
Law
penalty
apartment
alighted
into
pallet
eddying
inflating
impressively
pretty
Christian
expression
smoky
cud
mean
branded
commanded
splashed
putting
petrify
'Doctor
diversified
victim
heard
spent
incur
doggedly
Somebody's
enforcing
Chief
sounds
wondered
creature's
rider's
damaged
deduce
Reaccused
cachet
Myself
belief
attempted
inquiringly
Judas
next
Men
November
lattice
wrapped
island
cannibal
miss
vote
lagged
pill
visage
shapes
deepened
forefinger
squeezing
across
entered
native
sullen
province
'There
Golden
churchyard
grandeur
Husbands
removing
tumbling
Rome
Bordeaux
Ghosts
valise
perched
succeed
Other
mourned
Child
porters
unbarred
roared
directress
earlier
accessible
arrangements
saw
distasteful
embrasure
Mischief
complacent
livers
ladies
useful
evermore
hit
articulate
laudable
musket
escort
laughing
wary
West
pluck
advocate
duly
creatures
hangdog
unfashionable
besmirched
forgive
equipped
entreaty
condemnation
withered
tricoloured
scruple
hiring
consumed
while
grieve
stable
grass
French
neutral
gained
solved
Room
seclusion
lift
offspring
Lorry
clumsy
Miscreant
outskirts
laconic
guarded
alter
fewer
greeting
English
eyed
bloated
relation
gleaned
single
Therefore
beholder
mincing
blown
concerning
isolated
Brutus
Mayor
Twopence
patrician
Changeless
sweetest
weakness
dignity
messenger
mildewy
remove
neck
heightened
fused
Blest
rusty
spiked
chill
kindly
Against
reappear
urgent
'For
uneasily
curls
Testaments
obstacles
feebler
lieu
gauze
impelling
tradesman's
resounding
accord
squaring
elephants
Tradesman
embracing
appropriate
quench
irruption
stroll
doctor's
ice
smoothly
thought
contemplation
Early
forbid
Whereupon
customer
organisation
toes
soul
tenants
congratulations
sawing
husband
amused
prepare
Expected
concession
imputation
amidst
disparagement
speaker's
girls
finding
openness
forbearance
disinherited
towels
enjoy
relent
motioned
admiring
peremptory
Crush
bodyguard
after
included
supped
presumption
has
noble
sharply
lip
D
gifts
King's
scorned
individual
stealing
noon
please
takes
inn
moving
conwey
introduce
achievement
edifying
rode
burst
thinks
whatsoever
want
rum
smeared
signature
cathedral
impressible
big
compassionate
resoundingly
ruffled
cultivated
pitted
disorders
'How
altitude
sign
maker
decently
straggling
provinces
unpromising
tranquillised
reg'lar
boot
Beings
circumstance
savages
special
charmingly
discover
Practical
facilitate
disarmed
headed
lessened
perish
intelligibly
Sow
Positively
reproaching
acted
petulantly
miles
insupportable
faintly
Farewell
She
ruffians
crush
incessant
landlord
luggage
Gentlemen
ghastly
commendations
that's
'happening
authorised
distributed
hailing
favour
aged
rattled
mark
atmosphere
Since
preparation
Aristocrat
liver
prevalent
Island
rapturous
conquered
bed
insensible
evoke
impressing
wrist
Angels
pleading
ditch
contemptuously
lodgings
retarded
Beneath
drinking
wring
gleam
necessitated
discomfort
failing
cage
elevate
wig
bells
irreligious
disrespectful
crooked
our
differed
bedroom
maybe
inferred
dishonour
eligible
Is
preparings
leisurely
dexterously
arrival
Simple
Chapter
plunged
manfully
flock
Poverty
Hunger
smith's
courtly
don't
sulphur
Agicultooral
Samples
meantime
thrive
bearded
attainable
liberal
correction
spaces
luxuries
swiftly
rouleau
Fellow
alarm
repeat
tenderer
crumbs
few
hateful
Slightly
uppermost
aspect
Sullenly
speak
blackguard
it's
cared
unhardened
sitting
conversation
test
courier
games
bid
purity
Nobles
hair
scene
up
whether
agitated
Executioner
papers
lumber
rear
novelty
Enter
guillotine
opportunity
encumbered
tempest
without
worthy
pictured
servants
Notre
part
knows
Cities
hatred
peasants
offering
executioner
presenting
capriciously
Frequently
Honore
boat
stout
agitation
pincers
time
chum
score
Patches
descried
chaff
twilight
operations
accusation
softer
wrecked
wanderer
away
divided
cogitated
definite
code
position
hands
Prosecutor
price
defined
martial
imploringly
heralded
Hallo
born
willing
bargain
license
hallo
slept
bony
Bah
Happily
rushed
demonstration
who
flew
jealously
vow
access
gallantly
sobs
sort
discussing
Will
Indivisible
acoustical
disappointment
enable
fastened
waste
content
wine
by
occurred
gaoler
looser
conference
boy
visible
ducked
steeple
wail
delightful
glittering
concealment
lap
Nine
THE
industrious
tribe
stockings
relocked
straying
jest
tell
man
waistcoat
Warwickshire
former
Triumph
imbecile
presided
potentate
humiliation
blades
swell
assemblages
durst
minute's
flushed
belonging
income
scrawl
gossiping
adornments
shut
swift
apparently
Revolution
corruption
originality
suspicious
negligent
Their
wither
confusedly
madam
promised
millions
comrades
invisible
ceiling
needle
Denunciation
submitting
broaching
egress
acknowledge
watching
drives
skirting
themselves
Completing
pillars
handed
citizens
impositions
Honest
mother's
Well
thine
meagreness
My
Shortly
poisoned
stricken
prime
registered
concentrated
suits
fruitless
fatigued
retainer
March
tasted
ruled
accessories
strange
discussed
consecrated
fever
trace
proposed
promises
While
drinkers
Cries
bald
positions
oniony
pies
cavalier
horseman
Circuit
prosecutor
from
girlish
XXIV
Before
impartially
pulleys
haggard
For
T'other
Gentleman
uncleansed
subdued
illness
restoratives
ferret
torment
Indictment
riding
complimented
resented
bare
sect
sisters
Noble
Spoke
parchments
encircled
depended
less
sabres
tidings
graves
possibly
knocking
indignity
orbits
onward
thanked
orange
carriage
unbuilt
lured
Reddening
bidden
Turkey
because
conjunction
signal
dancing
outspoken
prisoners
emigrants
It's
bridge
Beauvais
diamonds
composing
traced
hunters
huge
lest
brother's
lopped
mould
About
charred
steeped
refuse
split
pay
recalls
unfathomable
Get
basin
substance
tenacity
Hatchets
emotion
feint
whips
Shooter's
brothers
day
thereof
chinked
process
flattened
volunteers
unlikely
train
'how
sloughs
Ghost
spared
flowers
proud
sensuality
wearer
inspire
widely
towers
thanking
condoling
ancestral
people's
coincidence
massive
always
digger
corroborations
Afraid
Enemy
intrigue
beautified
eightieth
partial
cunning
problem
sentenced
heathen
genius
There's
prosper
shillings
distinctness
tone
gunpowder
voluble
rocking
bunch
systematically
mouthful
paid
Mind
sensible
Madame's
value
malice
counting
shook
fur
abandonment
though
gone
roll
plated
independent
Turn
tactician
Me
distrustfully
questions
staff
eating
cheek
crazy
believeth
scores
abnegating
crowded
keys
ghostly
echoes
deliberating
different
intelligences
fronts
possessions
damp
issuing
benefactor
dreadful
morsel
burial
Assuming
loftiest
coffin
uncommon
Majesty
dwarf
insensate
torches
barrister
Sustain
proved
nightcap
lapsed
sculleries
noisily
laboriously
Nor
unbearable
immeasurably
fogs
recovery
conceivable
shrug
confirmation
Moreover
dyeing
easily
D'Aulnais
puzzle
frugal
small
jury's
ditches
snatched
decision
feebly
watch
memorials
Evening
swollen
impending
forgery
faints
plunging
furtive
thorns
burned
lane
Accordingly
waist
highway
doubtful
traces
pike
sashes
horsemen
gentleman
unexpected
scents
knowledge
wisited
children
understand
fantastic
destructive
galloped
parents
ourselves
lighter
ACQUITTED
ate
yard
arch
us
fictitious
alienated
thoughtfully
wound
accidentally
space
vainly
post
owners
shadowy
lasts
referable
Whether
threaded
orderly
counterpane
Lies
weekly
tree
Bad
gnats
adjured
Vengeance
discreditable
Depressed
XXII
flourishes
foul
suffer
handwriting
knife
portend
purified
contradiction
dab
you'd
sin
does
doorway
carnage
dim
bumper
show
instructs
devilry
done
quit
departure
fixedly
attribute
coolest
hollows
mercy
Saint
shades
reclaim
encompass
bench
St
besought
tumbril
Eighteen
bay
pushing
answered
entertainments
frivolity
Outside
tended
desperate
little
highwayman
summons
surer
drive
hopes
subjects
appearances
emergency
evil
whereupon
frightful
wished
More
become
vermin
earthquake
wicks
pet
sloth
miller
deriding
toilette
existed
embrace
Fire
fitted
offices
accompany
against
robber
highwaymen
Stooping
wills
XVII
tramping
false
victory
submerged
urged
dissolved
poles
haste
Passing
predominating
preservation
refinements
apparitions
quest
states
sensation
roast
represents
hallowed
shrieked
mothers
induce
perceptible
inevitable
court's
years'
executed
ferreted
burglaries
uneasy
Apart
faults
Sighs
hardly
claimed
sternly
too
dock
simultaneously
struggles
Six
necessary
assault
fortnightly
Dominoes
overflowing
half
friendliest
toothpick
deals
Forgive
hooroaring
Stand
altar
adopted
clouded
stopped
his
inquisitive
VIII
cockades
inclement
he'll
cadence
lay
dashed
root
benevolence
night's
swallowed
taciturn
painful
accent
wintry
revolved
highways
unkind
roads
remembrance
gladden
littlenesses
spectacle
grocer
star
disquiet
portraits
loitered
Barsad
resolve
No
arm's
tastes
bloodshed
Monsieur
knotted
Does
drawer
landed
nor
drained
confirmed
ambition
appearance
mouth
gloomily
road
menagerie
Death's
congratulating
trip
Supposing
nearest
palpable
ensured
acres
countenances
them'
restoration
replenished
chord
lightened
Slight
seize
Tribunal's
resembles
puzzling
possessor
remittances
finish
uglier
absorbed
watchfully
protector
manful
fondly
prevent
lively
sorely
tattered
fast
hesitating
ugliness
forming
wilt
radiance
Bank
shortest
humane
bore
strings
untracked
residence
professional
finest
how
team
indescribable
glorious
dismounted
practice
chickens
fainter
gloweringly
disfigurement
highest
herbs
speck
unavenged
Certain
muffled
wrung
apprised
blaze
compromising
dazed
goblet
Thank
bawling
seeks
heat
Would
Friday
spittoon
prosperity
loosening
Send
missed
offender's
discuss
Do
intensity
Freedom
ornamented
likelihood
massing
abundant
North
Stay
unjustly
gaily
inspection
Allowing
Consider
natured
swung
flatter
injured
Are
Evil
patches
disfigured
sideways
Whitefriars
hire
tray
doleful
forfeit
practise
alley
conscious
form
approbation
bonds
reflectively
diversion
ink
complaining
implicitly
cordial
Scripture
either
Denounced
worn
fortunate
staying
reward
hawthorn
marine
squares
untimely
refractory
Creation
scorn
thrice
mashed
tossed
chances
addresses
beat
Much
precise
missions
crushed
frightfully
paused
deigning
chocolate
roughly
admiration
darting
walk
inveterate
gorged
success
leaning
apprehensive
owned
moonlight
uncertain
vanished
urging
wot
veinous
accident
correctness
equally
Hundreds
Officer
sparkling
sealed
accomplishments
calmly
police
wickedness
knavish
shirt
inheritance
fagots
twos
wager
occasioned
twist
unjust
movement
'To
pronoun
trot
hour
preserved
murderous
dangling
conversion
superior
postmaster
wows
forward
sail
return
Made
gloss
screaming
entreating
conceptions
source
difference
pecuniary
accompaniment
prayed
others
exultation
tiny
masters
peppercorn
stoppers
they'll
final
ante
porkman
grated
republicans
soften
wearied
twenty
sadder
Disguised
south
bound
withdraws
Hooroar
Cruncher's
knit
tortuous
breeches
hushing
n
eaten
wonderful
Sawyer
prisoner's
grimmer
superciliously
tanneries
everybody
Soldiers
dose
toil
work
perceptibly
oyster
Rely
ledgers
customs
knitted
spectators
mixed
darlings
wild
able
stone
attitude
digestive
domination
misgives
vicious
daybreak
curtseys
notifying
hairy
paving
Observe
Greatnesses
alive
grin
party
dearly
Go
especial
thing
chubby
ring
Briton
charcoal
constraining
smotherings
peacefullest
languished
obsequiousness
ostentatiously
privileges
conducting
Stryver
calls
blindness
address
fits
dormer
domestics
apologetic
cups
situation
abashed
bedside
leagues
dinners
easterly
shore
Chaldean
recall
owl
character
tighter
Hope
Were
gore
action
will
procession
everywhere
chatting
crawling
horror
Sundays
smiles
treacherous
was
suppression
distracting
Had
objectionable
employment
valet
hook
moved
bridles
stirred
blinded
furniture
softly
discernible
Eye
youthfulness
starved
ridiculous
Whew
vegetable
high
greetings
reliance
compelling
gunmaker's
presented
professing
cockade
sentences
citizen's
prevaricate
rapidly
felicity
building
wronged
plaintive
clanging
republican
thirty
ladder
disorganised
curling
merits
crowbar
search
wrathfully
Rises
reminded
'let
incidents
victims
times
makes
Devil
tranquilly
'forget
seeds
contending
accused
affirmative
shuts
gripping
wise
happening
'his
counterpart
intended
slid
Of
throat
dialogue
bustled
intent
Advancing
superscribed
resistless
overtake
June
village
speculate
II
discern
fortune
inscription
whereat
comparing
backwards
smile
expounded
tenant
wrested
mood
genial
es
secrecy
horrors
exclusive
extract
perpetuation
kicking
loaves
enemies
bulky
reiterated
December
solitude
ship
unwholesome
deprecatory
treachery
short
monsieur
Ogreish
mistaken
Mail
perpendicular
Opera
resolute
bottle
designed
slighting
relieved
possesses
distinctly
carry
scrambled
political
Unseen
continuity
disreputable
Sight
anew
heap
besides
safest
pound
represent
stockades
wood
obtruded
deposited
laid
misuse
neither
Chair
grand
discharge
spoken
Yours
mortality
spread
doze
Breathing
illustration
solely
clemency
tutor
disguise
emptying
rouse
botheration
sausage
comrade
falter
plane
conceive
acuteness
curse
affair
inspecting
spectacularly
Certainly
precipitated
faint
involved
Domini
cocked
Our
giants
grimly
Seeking
leg
boasting
roamed
check
causes
forcibly
confound
voluntary
vexed
dejectedly
unusually
vapour
attracted
excuse
formed
possess
crockery
Pross
majesty
state
reservoirs
hum
Until
avocations
ocean
game
Al
claret
sneaking
pupils
winking
appearing
lid
lace
sufficiently
sucking
Postmaster
grown
linen
onions
travelled
prospects
explicit
favoured
identical
wenturs
composition
wayside
undergone
world
victorious
forays
Guards
among
Alexandre
carriages
fought
daughters
mother
contradicted
planned
garden
sample
lesser
grate
Through
ranged
immortal
beguiled
irrepressible
proper
projected
run
reluctant
meanwhile
blowed
unfruitful
Fate
non
Ah
really
phenomenon
inflict
conventionally
hill
front
consolatory
suicidal
negro
Yesterday
kiss
carver
towelling
imbued
Great
footpath
transactions
rather
shedding
posture
cessation
broadcast
conceal
appointment
wending
you'll
par
profitable
astir
powdered
poltroon
exploring
pleaded
blending
furnace
The
revolutionary
college
lands
Devoutly
butchery
exclaim
substratum
Stir
refreshed
striving
unyoked
dust
moaning
limped
deprecated
elderly
Years
attentively
serene
owl's
starlight
haunted
General
bye
mangled
sallow
offence
louder
perished
Noakes
looks
elate
untidy
simplicity
meditate
glanced
resided
saddling
cunningly
ostensible
Palace
spurring
panted
flow
loyalty
adjacent
placed
exercises
band
booted
surely
chaste
skies
pleasant
thumbs
arrears
goodwill
sawyer's
roof
slippers
actor
trimming
swamped
steep
wave
latter
signals
side
penetrated
vassal
square
structure
inflicted
waiting
largest
Englishwoman
you've
crown
repose
Britain
nourishment
recipe
talents
colour
Drinking
get
creasing
unimpeachable
impurities
diminished
recollection
imagine
colours
absent
immersion
combed
Louder
Solicitor
gun
elevation
pursuing
smear
clear
strap
clocks
repute
excursion
buildings
precipitate
finger
shunned
screw
sundry
Calais
requiring
Day
nook
cost
sill
unaccused
DIG
ones
wandering
extensive
abandoning
branch
changes
resting
risk
danced
leather
lighting
Fortified
set
arts
homeliest
boast
instance
overtaken
admittance
certainty
ministers
usage
log
participate
upholsterers'
forlornness
poetical
reaching
lowered
Seine
entreaties
enumerated
clerk
surf
corroborate
absence
embraces
muttered
architecture
frenzied
about
head
charm
gin
Blacksmith's
sore
brink
tendency
Stuart
simply
awaited
feathery
conspicuous
cashiers
plans
variety
fagged
raggedly
spilt
alight
rapacious
gaiters
appear
alterations
countryman
prematurely
forgiven
Abbaye
contamination
consider
burn
Reason
constraint
Say
staggering
sagacity
Grace
grim
resurrection
Impassive
strife
subject
ahead
stair
screwed
yet
fortress
twinkled
leafless
pillar
awful
Ranelagh
doing
woollen
wooden
Charles
echo
analyse
radiant
centuries
moneys
hoops
supplies
caring
thoughts
begin
find
truthfully
apart
known
aspirations
played
explainin'
smote
devote
You've
warming
informant
supported
benefit
above
weep
key
interchange
stock
carol
Waste
September
logs
sunny
absurd
spirited
emotions
fan
framework
officiate
idleness
BLOOD
Yielding
information
unintelligible
crystallisation
message
vices
descend
topped
staining
peculiarity
Liberty
chance
sacristan
much
me
crouching
topic
unison
ugly
write
awaken
impossible
guns
conspirator
store
closeness
LIFE
remain
intimacy
shawl
speckled
nice
Rise
gaining
supplicate
forwards
Captive
improvements
cloud
meanest
Strange
porter
imploring
celestial
impure
massacre
Advocate
Young
exercised
illuminated
joke
Twelve
attachment
harms
Angel
surging
inevitably
overflowed
towns
Giving
removal
calculated
distinguish
ruffle
future
crawled
sounded
secretly
worthier
nurtured
liquor
steepness
resentful
around
external
women
Hotel
selections
necked
'Not
straight
guardhouse
hopping
additionally
preceding
spectre
throttle
Listen
Gaspard
place
anybody
encouraging
pushed
accumulated
baskets
drags
odd
bullets
where
support
counter
not
spears
howbeit
perils
ability
recognisant
spectacles
whisper
Infected
changed
counterweight
worm
screwing
honour
Think
antiquity
whispered
week
Hilary
hewed
serfs
grace
Occasionally
along
sides
north
attentive
ears
forebodings
galley
tranquil
rely
momentary
escaping
Abyssinia
keeping
pricked
debtors'
object
wrists
fourth
dropping
hoarse
candle
brilliantly
demur
cat
God's
possessed
politenesses
idly
invite
interfere
shrugging
rebuke
pulpit
detail
shudder
Whom
thronging
concentration
indicates
trailing
young
follows
Take
maltreated
streak
employers
Number
nobles
breathless
retinue
chiselled
trim
ribbon
phantom
harshly
robing
employed
consigned
inconveniences
swear
XXIII
child
glib
terrible
Lighter
spirits
circumstances
sounders
duties
sympathy
Hey
knees
therefore
God
cannot
busily
Those
joy
Mr
handkerchiefs
crying
heaved
transacted
town
amiable
existence
attached
commence
crestfallen
Defarges
separate
declaring
Consequently
husbands
Crime
balustrades
cleared
intoxication
response
sonorous
delight
innocent
lees
wrappings
living
contended
tumultuous
modicum
plunges
generation
reflections
limbs
Bust
ways
went
charging
bringing
'un
anyways
hardened
Scarcely
unformed
lingering
saith
wide
stripped
crumble
hear
opposition
everything
trade
reverted
intensely
raving
teamed
involuntary
culinary
magic
have
guilty
cheerfully
shady
pacing
curiously
Guilty
daggers
That
Dig
dens
earthenware
quoth
background
General's
disliked
reluctantly
calculate
shoved
profession
dislike
supposed
unexpectedly
incoherences
decree
Pressing
lamenting
observers
hauled
nostrils
round
company
flocked
circumwented
deference
adventurous
pulley
assure
grisly
idle
mended
fingers
retribution
soliloquy
obtain
infirmity
bullying
regrinding
crisply
indispensable
regards
considered
banishing
strong
think
scheme
tide
parley
blunderbusses
lurks
drew
Southcott
agreeable
picturesque
hearths
rend
firing
choke
lost
Eh
motive
recent
bird
Bar
Monseigneur
also
sun
blank
Everybody
condition
discharging
indefinitely
denounced
protest
displeasure
threat
throw
butcher
reiterate
functionary's
deliberately
wiser
sadly
Spies
tiresome
instructions
sharpening
creature
preferred
floated
taught
originally
stealth
shrill
likeness
delicate
shape
impelled
soup
succeeded
skinny
evanescence
characterise
regular
lethargic
detected
beneficial
distinction
balanced
lamps
grew
undistinguishable
Night
whispers
eh
sheet
exclude
vehicle
revengeful
visited
chateau's
salt
sip
here
showers
comprehended
uncorrupted
meeting
needless
Nonsense
listen
memorable
wery
three
overclouded
expert
esteem
prescribed
directing
fraught
highly
John
saintly
paltering
quartering
Worn
soldier's
dye
votes
dear
couch
chanced
load
affections
ruffian
kettle
leading
beds
count
clean
doctrine
sweep
'Defarge
ought
anathematised
workings
'but
infancy
grove
scrap
devices
hinds
like
Alas
unhappily
demands
fitful
strict
Fraternity
accounts
sexes
handsomely
Your
disconcerting
Write
prey
mostly
tie
flames
goose
mayn't
flourished
belligerent
previous
works
Treason
deceived
flanks
detested
openly
southern
sculptured
confirms
twisted
underwent
o'clock
described
curved
cries
strangers
distribution
Respectin'
lingered
link
Ugh
unheard
suit
Southern
verging
boundless
noise
hangings
west
deal
fixed
enchanted
remorse
blots
clanged
maimed
intimate
choose
weapons
Lay
virtue
resumed
circled
flashes
Jezebels
called
accustomed
maker's
wall
begrimed
nails
beans
partially
reverently
If
formal
famished
objection
pulled
perquisitions
Was
he
wailing
Joe
hurried
saying
suggested
Awakened
quarrel
smoothness
cows
swore
sold
awaricious
neighbourhood
wrath
proposition
anticipate
smooth
Lucie's
abolition
Partly
jolt
cutler's
theme
reveals
heroism
announced
kitchens
stern
lifting
Romance
Fathers
oil
seats
breathed
middle
fall
ceased
'm
nowise
unbent
lamentation
trials
wolfishly
control
wet
Really
contrived
gravely
peculiar
cloudy
hustled
coughed
Heigh
impediments
summon
harmless
informed
syllables
daughter's
oftener
defence
Solomon
servility
offer
supernatural
flinty
hour's
fellow
Fifty
interchanged
severe
coquetry
motionless
impeachment
must
extracted
perhaps
disuse
restrain
drums
lashes
disengaging
scraps
metals
treble
artful
coat
sisterhood
committees
dull
division
disinclined
saved
observant
aforesaid
if
arranging
pore
grateful
strain
Greek
remains
now
protected
perplexedly
perpetuate
merry
climate
audience
Meanwhile
wholly
warmed
buried
loo
ghost
Silence
underground
powerful
purse
afar
'What
confidingly
understanding
Over
anniversary
blink
expeditiously
sensitive
Antiquity
manners
compression
motion
stealthily
stop
chair
substitute
mouse
glimpses
approvingly
Loadstone
Almost
instruction
wives
throws
dissatisfaction
He
allowing
unprecedented
Tom
dreaded
nimble
boys
contained
achieve
foreshadowed
clamorous
Taking
assures
dinner
description
slough
communing
beautifully
trivial
callings
translator
helped
Enough
bow
disclosure
Head
dismissal
Jury
acceptable
craftily
woe
'Come
precipitation
patient's
Don't
stooped
cheating
sensibility
assertion
fragments
mortally
virtuous
crowning
trustfulness
Kiss
splashing
colonnade
pint
waistband
morn
inconvenience
comforting
awry
inversion
expressly
scowling
word
sheep
coals
employ
design
angrily
Conciergerie
consistently
inducement
cheerful
sixpence
believed
destination
sink
captured
rightly
accurate
dream
main
withheld
looker
sleeves
Whereas
repast
scum
hinted
distressful
affairs
passions
port
neglect
breed
hatband
altogether
days
condemning
Commence
slovenly
rocked
minding
straightway
Suspected
obtained
marrying
Chateau
scrags
London
wounded
lenient
overstepping
cartridges
friend's
kisses
elegantly
'If
arose
Lawyer
apprehensions
reasonable
befriend
commences
describes
overworked
environing
suck
escutcheon
distinct
assassination
Whoop
replying
Save
central
mischief
mode
acute
Transparently
phrases
necessity
trades
croak
accepted
munching
scornfully
recompensed
winter
loitering
cabinet
compared
impressed
air
catch
barrels
thrust
dripping
deficient
anchorage
rearing
thickened
startled
incapable
stretched
prove
ascertained
earth
custom
sentence
let
happen
dimmed
worthless
sank
inspected
utterance
between
shade
arouse
recognises
desolation
destitute
European
shakes
exponent
unclosed
Dickens
reparable
duration
occasionally
hostile
metempsychosis
streams
compromised
secrete
cogitation
Sydney's
horses'
predominate
since
lightly
raising
Looked
dolls
establishment
waning
requisition
dominant
retire
concussion
still
splinter
doors
unreserved
Either
dread
esteemed
deadly
makings
interment
laving
cow
stupidly
beneath
Bedlam
surge
certificate
earnestly
roses
fortnight's
refusal
groups
strongest
beset
Presently
redundancy
sixties
justice
stormed
supplication
adjusting
unconscious
o'Clock
foresaw
souls
using
garret
footing
limp
honouring
vindicating
inspiration
kicked
papa
projectile
sparrows
furiously
darling's
preach
kitchen
health
doers
nicely
finished
unbeliever
spat
calmed
railings
female
Story
flattering
bumpers
quieter
strengthen
furnaces
eminent
nod
persisted
hers
similarly
hang
your
Lead
retention
orphan
receipt
redeemed
Gaul
anxious
peaceful
gregarious
graces
lumbering
trees
vaunted
creditors
mysterious
Quick
Spirits
page
longing
detained
National
maxim
upwards
Vapour
observatory
glass
passes
All
awe
glided
XIX
trust
'indeed
recover
population
desolately
lucrative
compliment
would
approach
Name
puff
Delicacy
gold
prefer
under
disappeared
Godmother
Marquis
in
hesitated
swooned
Murder
Releasing
advocate's
previously
skins
rumoured
checked
Nothing
overthrown
unscrupulous
precautions
presumed
cask
companion's
swooped
falls
explain
sent
loungers
caused
Nobody
Paper
loosen
tale
submit
snap
outhouses
lists
horsehair
unfavourable
accorded
branches
maligned
womanly
bind
particularly
received
Haggard
incumbent
enter
cords
morning
Street
desirous
throats
dragon's
wreaking
mole's
infinite
precocious
lath
triumphs
particular
milk
periods
United
transformations
Dusk
poets
Present
summit
survive
know
thereupon
Assuredly
Find
acquitted
nearly
inside
exquisite
aims
restore
reading
current
violence
fruit
zealous
peas
Subjects
prisoner
'See
needs
unwillingly
Jacquerie
uttering
admission
parapet
Monsters
slavery
alarmed
embarrassment
swooping
easy
stating
bestrewn
aversion
flights
watchmen
sprung
butcherly
countrymen
unwonted
Attorney
willingly
eloquent
mercifully
grimness
alluvial
Bestowing
roughness
resigned
Though
swarthy
stream
hazarded
acknowledged
Princes
notabilities
News
temporary
astray
birds
ascended
adviser
repented
bayonets
crisis
take
Pick
chairs
literature
rainy
thick
my
demanding
shuddering
ho
disadvantage
brewery
won
buzz
owner
drunkenness
Everything
bank
prosecution
pretending
beauties
breakfast
oblivious
disrespectfully
tracks
cluster
exterminate
deeper
Naturally
crowd's
free
loneliness
afire
confirm
pulses
life's
strike
trifles
it
retrospectively
epicure
seeking
possession
World
provender
commiserated
Like
artificially
dregs
stimulate
minutely
trod
displayed
Ay
peopled
unprepared
lover
turnkeys
Hill
demented
started
frogs
motioning
drag
garnering
Tickle
'Is
felons
freedom
decidedly
jury
could
tightly
Heavens
lids
concocting
rejoining
demonstrative
strolling
shame
justify
struggled
abhorrence
weaving
witnessed
bolt
hips
flame
ye
selves
honester
impended
earth's
specially
ploughed
throwing
thickness
endured
settle
murmur
until
'Recalled
sharing
wildness
worth
reddening
overlay
sake
Feelings
stubble
embellished
entering
volleys
everlasting
spoon
darker
superb
blaring
nine
exterior
Confound
call
chain
La
players
deducting
ungenerous
threatening
becoming
avail
deaden
black
yards
hats
cold
demanded
Bring
expect
fill
obedient
shine
ceremonies
angry
deserved
betray
voted
drops
passion
patriotism
half's
turban
suffering
bad's
general
Period
judgment
grouped
bandages
dolorous
overheard
intervals
suite
confines
lonely
solve
portions
patting
innately
master
lion's
gleams
Darnay
second
pounding
files
devise
eastward
baby
healthy
faithfully
sights
proscription
term
Majesty's
whirlings
Orleans
symptoms
majority
acquit
dumpling
curiosity
efforts
imparted
said
Help
personal
Rot
opiate
unpopularity
son
sodden
trifling
flood
licking
relinquished
Year
quaint
conviction
STORY
gruff
retorted
got
tricks
full
fires
separation
glinted
practices
rugged
homage
leprosy
making
fold
reference
forlorn
glove
towel
adorn
tending
portended
bridesmaid
realised
courses
runs
lend
heresy
enjoyment
inheritor
scaffold
Finally
explained
accordingly
spile
heaps
abolished
annihilation
loves
brought
disinherit
Kill
Word
Captain's
sole
Hark
inspired
five
dominions
paunch
countryman's
tomorrow
feet
gives
Cook
ies
injuries
Mindful
nightly
fashion
reflection
feudal
consciousness
cavalcade
made
shoemaking
blinder
musing
reverence
bring
speculating
sickening
prowl
morose
remorseless
eighth
parade
rejoined
connections
ranging
uphold
rashness
Habitations
step
affrighted
Sometimes
tremulously
contemporaries
barrel
stray
fatigue
Confide
tolerable
bravely
proteges
precaution
turbulent
perception
Excuse
ensuring
comportable
yellow
casting
Dare
imprisoned
sheltering
last
tame
imperfectly
pulsation
quantity
timidly
patriots
device
loudly
robberies
continued
Country
crowd
avenue
encounters
occurrence
dingy
Shadow
actions
kick
fluttered
abolishing
doffed
fright
promenading
aphorism
wrote
resident
hideous
shortness
penetrate
taxing
heartily
yesterday
climax
abiding
plotting
forasmuch
crumbled
poniarded
dare
them
joker's
enraged
tired
abate
Dervishes
officer
beckoning
Providence
clearly
magnificently
vegetating
countenance
pass
humour
lurking
Fear
sticking
Town
break
butchered
eagerly
Decidedly
hopeless
Cinderella's
civil
basement
charger
remodelling
rounds
unheeded
behalf
enforced
rye
complexions
gardens
pumped
latitudes
boldly
Antoine
see
hard
points
springing
attention
thinning
walls
mournful
Storm
significant
Queen
lounger
Rue
forged
Haunted
question
recoiled
starers
sixth
inhuman
Shouldering
wanting
fiend
surprisingly
encountered
ust
application
officials
go
Shoemaker
paved
mar
tortures
gallop
readily
rush
choking
carries
undug
attended
buy
'You
entangling
aggravated
poisons
polluted
diversity
pockets
crevice
court
protesting
flirting
Marvellous
barked
tile
streaks
curious
inflicting
profit
admirers
forcing
collected
periodical
functions
veins
years
shrivelled
compunction
together
breasted
invariably
dominoes
distressed
start
'a
scent
Razor
fatally
encompassed
useless
dispense
tones
chemist
occupant
Jerry
Samaritans
eccentric
brows
unkempt
diabolic
journal
grasses
lower
articles
compromise
snorting
Crowds
delivered
commons
verbal
discoursing
Curious
Ecod
inquire
courts
speaker
bears
placidity
Frenchman
augment
fortnight
defeats
attendants
cheese
waterfalls
pillow
afford
cherishing
strongly
Expressive
hissing
implore
closer
intelligence
summed
sensibly
wheels
surrounded
fiercer
thrift
noisiest
Whatever
grumbled
rarely
pupil
proceeded
perseveringly
abused
bewilderment
recrossed
Checking
for
assuredly
perspiration
shaved
despondent
Customers
judiciously
Relieved
handful
drown
testified
reproachfully
happiness
enchanter
rushing
itself
empty
produced
popular
perishing
beheaded
corresponding
laudanum
sliced
what's
Last
dice
marvellous
descended
sombre
grave
hares
raggedest
gentlemen
depressed
ride
include
disposition
hurdle
thoroughfares
Otherwise
hauling
conveyance
rotted
yoked
anchor
individuality
treated
floundering
refer
barbarian
warm
condescension
body
crashing
asks
irregular
'
Then
DIDST
pretence
physician
Projectors
nodded
tiger
Thou
alarming
voyage
bestow
jackal
hidden
aboard
pestilent
merchant
Father
X
astonishment
False
friend
undressing
Truth
outrageous
torch
skirts
unsafe
written
They
advisable
Republican
diverging
occupied
gigantically
fork
stark
study
vessels
Five
Necessarily
knuckle
Nephew
eccentricities
shared
inch
punch
threatened
spell
slung
Heart
pitying
farms
butter
bread
Spy
feeling
clearer
debated
proceedings
tst
July
indivisible
anti
Days
pouring
thin
byway
Observant
pretend
sentiment
performing
ascending
counsel
advance
mock
maids
robbers
disjointed
rejoinder
Greece
begun
toothache
unfortunate
same
family
functionary
folded
poison
oppressed
unshaken
weary
privilege
Citizen
Echoes
stolen
buryin'
crane
quiet
Manette
obstinate
ruler
cards
dismissed
Greater
expressive
experiences
Section
tergiversation
rude
fat
render
wind
complete
adjective
obstinacy
consisted
squashing
boar
sane
uncomfortably
feathers
uncomfortable
ruthless
Papers
cornered
razed
Life
cottage
gallantries
countermined
offensive
bloom
assigned
tremble
drawing
railing
advise
possibility
chimney
freely
Strand
besmeared
deliberate
stood
postilions'
wars
'Now
warmer
cautioned
belonged
steps
bulk
whirled
accomplices
consignment
asked
advancing
killed
clients
digging
mass
dismount
shot
Eden
lived
strip
seed
Wolf
stables
decrees
feelings
wrappers
purchased
rustle
hopeful
Far
extemporised
befall
guard
painter
apparition
unequal
weigh
music
rain
echoless
utterly
commission
City
rare
diamond
sakes
animal
'em
domestic
revived
playfully
threescore
Every
secrets
Prison
embroidered
trifle
another
These
sorrow
attracting
shining
purveyors
fear
beer
business
devotedly
particulars
falling
squeezed
Therese
frontier
delayed
horizon
trafficker
t'other
sufferer's
embarrassing
conferences
petitioner
resignation
boastful
renouncing
argued
sources
Time
level
prolonged
travel
cheered
flavour
carts
contraband
knitting
loosed
giving
goodness
patrols
shoes
entreat
path
Saying
things
scared
displace
students
parts
Holiests
kindled
potent
degraded
Whenever
ejaculated
timely
recruited
shrouds
clasps
lifetime
releases
pig
narrow
city
Please
rapped
tradesmen
liberty
interviews
sparks
beacon
acknowledgments
sparing
feeble
remainder
XXI
countless
warmly
unfortunately
capital
signing
happier
nephew
promising
look
persuade
inner
nowhere
criminal's
separately
sneers
Touch
forensically
demeanour
smouldering
axes
earnest
wants
bruised
Tuileries
unpopular
adieu
locked
replied
slab
thoroughly
sanctuaries
vapours
fourths
inundation
commiseration
prospered
habitual
confronted
language
Casement
illuminating
silver
recalled
bodied
Pride
evening
missing
smuggler
maidenly
resume
readiness
rendering
Co
Less
Fields
tomb
Court
Love
allusions
may
softening
tip
dreams
indecision
leaving
Destiny
never
trenchant
d'ye
mental
Stryver's
lot
Philosophers
forger
nature
Because
purely
ardent
blast
extinguished
shaping
eminence
plot
carpet
trustworthy
prevail
gave
nobility
smoothed
ridges
hearing
As
that
neighbours
evidence
antipathies
slumber
inquiring
entirely
hundred
Spiritual
brute
atmospheric
Being
necks
intoxicated
danger
patience
Track
oftentimes
wherein
claims
Fetch
sleeper
sound
laws
longer
wish
Apparently
water
seared
flower
unnecessary
top
Expect
Everywhere
rotten
mutilated
Its
cripples
dresses
vivid
shoe
politeness
flies
flowing
fed
seems
regretted
knives
gratitude
communicated
prayer
plains
unfailing
weeks
breathing
tea
retreating
gay
smoothings
fingers'
conception
confident
Pardon
function
priestly
order
absorption
whip
reluctance
indeed
Angel's
billets
seated
feelingly
precipitating
detachment
save
discreet
car
peroration
daughter
unreal
dominated
faltered
defaced
suburb
dewelop
feather
honourable
protestations
consultation
forever
suffered
Monseigneur's
client
tut
flinging
coughing
whet
You're
personages
ends
led
love
Impossible
Avoiding
river's
men
accommodation
rabble
sewing
dragoon
card
barricades
documents
humoured
sawn
appreciative
doom
impracticable
laugh
wrong
brighter
noontide
legend
pavement
centres
evidently
bar
sarcasm
eternity
morsels
politely
charity
Jupiter
excused
OF
communications
yes
gag
warehouses
blazing
choice
Hence
legs
complaint
trickled
through
pattern
aid
oppression
Crash
surveyed
politics
delicately
lighted
fault
panting
spoiling
swarmed
conversant
abilities
leisure
assert
obstinately
importunity
exhausted
lead
resource
chase
shy
desperation
lee
mangy
Soul
ghosts
remark
passersby
Try
thieves
Knitted
respectfully
MONSIEUR
reveal
relations
taken
detecting
Workmen
sixty
sweaty
extended
faith
ignorant
yore
Little
perturbation
confiscated
Double
tall
Citizeness
unblushing
rebuilding
easier
shaft
out
none
de
wife's
sworn
cant
depositors
Turnham
Cly
complimentary
applauding
projects
renounce
constant
Still
eyebrows
flat
circling
ringer
gracious
soothingly
describe
hated
becomingly
Here's
weakest
trappings
declining
clink
turn
liking
slackened
console
refection
peal
plant
propose
slippered
Lovely
invited
knotty
piscatory
sunrise
mill
seventy
suited
texture
tumbled
mercies
ranks
realise
olive
musty
disturbed
species
duty
extraction
slip
Four
murderer
recompense
stinking
career
sight
tying
antipathy
however
stiffening
tatters
rejoice
eased
warmth
flash
tells
assumed
plenty
Versailles
reconcile
wrench
iron
vexation
deafened
physical
places
Opening
trudged
laying
stormy
questioned
patriot
people
eager
Pooh
recollected
wages
breast
bluff
nettled
Know
injurious
white
according
whole
acknowledgment
retained
'We
neighbouring
tails
heedless
principally
notable
brawny
sensibilities
hurriedly
taking
striven
Wales
I'll
coiner
eyeing
pensive
argumentative
waved
livid
Did
madame
cure
Carelessly
pursue
crime
applies
grandchildren
breath
oblivion
outer
farmer
alternating
singular
curtly
interesting
compressions
cavalry
stung
abounding
Jacobin
villain
office
XIII
oldest
supping
inscrutable
growed
imitation
Sea
suggest
congratulate
barges
nation
Physical
learn
lamplight
Tut
heave
Force
silent
troubled
plaything
Pancras
drawback
revelations
sky
anatomise
closing
leave
established
discretion
marketing
stared
soon
tides
nobody
avenge
Wood
XVI
respecting
sailing
worthlessness
Roar
what
Darnay's
fringed
collectedly
locks
incomplete
hung
contradicting
recorded
refilled
directly
drill
hiding
performance
outlandish
furthest
incomprehensible
cheering
assisting
Now
kind
ordinance
dated
dainty
IX
letter
compeers
Tyburn
ages
Defarge's
Samson
prophetic
conwenient
fist
inscriptions
ten
but
guinea
concourse
example
Looking
immolate
quickest
meant
bottles
Leisurely
oppressors
anxiously
dissatisfied
variation
rooting
discovery
shake
guineas
portly
extortion
scuffled
weird
extend
ledge
quartered
when
date
giant
moist
act
morality
resumption
meditative
guiding
TALE
cherished
earthly
mail
whence
suitable
jingle
tobaccoey
goodly
freshness
I
comparison
fisherman
drum's
suddenness
anguish
clergy
chopped
clash
additions
kissed
becomes
Council
Lower
utter
Earth
characterised
sparkled
Miss
obscured
sunshine
impetuous
Louis
rubbing
projecting
'Tall
characteristics
'A
convulsively
propitiate
brushed
Eager
force
wreck
jesting
glory
drunk
frame
impenitently
tumult
notice
affliction
acquisition
afraid
transferred
imagining
Jeffries
confide
equal
ferocious
chary
terrestrial
reassurances
whipping
apocryphal
student
defy
bronze
measurement
widowhood
total
descendants
According
amount
vapouring
more
barefoot
buzzed
hoping
indebted
youngest
gentlest
liked
prospect
sum
vinegar
flattered
contention
grasping
again
wake
gentility
Cards
Greatly
Has
keen
change
Call
exceeding
stops
reappeared
perfectly
proscribed
Thus
rag
demons
banker
assist
Fifteen
requested
plight
ease
grandmammas
faster
piece
conversations
light
tight
forefathers
See
dilated
divers
extinguisher
feigned
unsubstantial
Hall
vanity
Refuge
labouring
uniformly
defendant
restraining
ah
strained
imitations
hurricane
breeding
rooted
kindness
vast
scratch
kill
hooroars
frowning
cautious
hurt
appealed
Already
graceful
winning
coppice
credit
grovelling
prosperous
fitfully
wanted
of
anxiety
Done
stolid
remarking
Trials
languidly
lamplighter
perceived
setting
memoranda
undertake
plainly
unreasonable
traitor
served
Hell
decided
figure
yearned
reader
Gaspard's
thy
governed
Student
men's
complacently
Age
fabled
pasture
responding
ruts
embankments
green
fled
flamed
Cramped
unattainable
Making
sorts
gain
complied
thread
sinking
scale
foreign
knots
sorrowful
interrupt
Between
peaches
restlessly
mortals
stubbornness
alcove
Grand
bitterness
burying
connection
What's
Accept
afore
batch
After
pigs
wittles
lawless
blurred
naught
thousands
Unanimously
effect
remonstrated
oppressor
joint
doomed
trodden
rested
imagination
Unprepared
turbid
assistance
ingress
grocery
power
Yet
sow
waifs
ungrateful
suspicions
angel
IV
execution
trenches
beguile
undeserving
Exquisite
gaunt
hob
sown
contemplating
impulses
appears
drowned
shriek
disappearance
Taken
impressive
darkness
flaring
trotting
correcting
legibly
stumbling
birthday
reviewed
summer
distant
hereupon
consequence
thoroughfare
sang
Hemmed
comment
evasively
perplexed
cattle
version
smiled
Suffer
unconnected
infer
denouncer
say
committed
thence
sings
authoritative
bitterly
deserves
imaginary
bad
sympathised
moments
unfinished
traversed
Dress
rock
sanded
averted
exceptional
list
spells
prize
hue
register
found
Ha
Sure
somehow
Very
devilish
interior
We
suggestions
skill
ruminated
hasty
pervaded
felt
thrill
Buzzing
DEAREST
merged
obstacle
Encamped
scouring
rally
mathematics
uncompromising
quitted
and
hollow
mourning
gratified
Bed
strove
sunset
continuing
eke
Game
scorched
open
graced
blighted
units
statements
mare
deck
whiffed
travellers
'never
acquainted
soundly
surmise
Once
deaf
attend
vagrancy
perfect
Blackheath
bred
echoed
resemblance
avoidance
bewildered
Something
snowy
intelligent
spiky
smilingly
scarf
contend
glaring
sufferings
dangerous
selling
revealed
undisclosed
undeserved
remained
wax
dimly
detect
measures
built
storm
bridegroom
Prayer
sentinel
diminishing
influence
treatment
Bailey
expense
exchange
outermost
meditating
infernal
Hold
Pastime
bachelor
denoted
contagious
disguises
catching
clearness
affected
screen
convey
shouldn't
charge
beast
fancied
Syd
Ye
mists
hat
doll
embracings
Live
shifted
smiths
stoppage
vied
shelves
nat'ral
abode
alleys
cracking
supporting
Surely
Dearest
Dead
footways
deed
stringing
mere
champing
thinking
embers
singly
wos
fumbled
clashed
tremendous
casually
concluding
reposed
avoided
exuding
suspect
inoffensive
neglected
vacantly
already
foisted
'She
inform
motives
habitation
habits
contrast
messengers
accompanying
cataleptic
dog's
carelessness
purchase
differing
regions
fawning
bleeding
consumption
blouse
Firstly
Norway
obtains
dubious
Plenty
tinder
miserable
whiteness
holding
throng
consolidation
corners
Tribunals
entertained
sprites
cells
upheaving
'Pray
scuffle
frightened
Woman
stuff
shortened
sobbed
various
swearers
recently
undoubtedly
bethought
auspicious
safely
varying
quite
embellishment
given
unaccountably
snapping
deserted
Theophile
giddily
Several
harm
passed
bottom
unfrequently
wondering
darkly
Crouching
entry
evils
period
fabric
earned
increasing
dialect
Barber
aniseed
lumbered
intending
weaken
Barriers
reining
monkeys
misspent
perseverance
reared
returning
assume
apostrophe
thirsting
quickness
rats
named
parted
Power
Antoine's
stammered
heavily
farewell
Choice
enthroned
leap
human
Good
notoriety
linked
shaken
join
banished
famous
visit
earnestness
generous
all
mechanical
twinkle
babies
ended
growlingly
encloses
weakened
assembles
I'd
branding
accosted
hare
spots
u
developed
competitors
lamp
exalted
Royal
sediment
exercise
undutiful
unfathomed
preoccupied
raging
turnkey
exchanged
deer
double
employments
introduction
mention
undisguised
playfulness
Houses
exposed
ominously
Nice
nervousness
awake
stroke
hitting
teeth
bloody
social
troubles
edifice
supply
shun
Inference
fashioned
grasped
applause
extravagantly
ornament
forgers
desire
month
later
grape
withal
inhabited
courtyards
woven
anticipating
worked
supplementary
animals
Kite
toasts
lightning
narrowing
unenlightened
I've
avenged
obviously
remitted
Legislation's
majestically
secured
region
limb
Arriving
obeying
group
havin'
estranged
venerable
nest
hadn't
overlooking
helpless
witness
petition
Third
deceit
bitter
unfair
wholesale
cutlass
agin
Dull
reverting
dispersing
cruelty
rid
drawl
bristled
familiar
down
impress
stakes
cutting
Manettes
thirst
Crunches
sir
sunken
coarse
refreshment
tinged
polish
anybody's
quicker
endeavouring
porringer
circle
low
Towards
dreary
realisation
beautifying
youthful
addressed
Hide
Halloa
darted
signalling
alarmingly
Rend
progress
maturely
starting
unexplained
Tellson's
carrion
nonsensical
represented
assembled
ultimate
poster
pursuit
flickering
sheets
discovered
medley
descends
remarkable
fraternal
obscure
obnoxious
finishing
higher
familiars
association
Latin
canvas
aristocratic
frosty
atop
ample
strikes
wakened
blotting
When
hearers
scarecrows
enemy
stars
Suddenly
instinctive
dark
hovering
Republic
disposed
jobbing
Alone
crimsoned
needing
mercenary
gravel
craned
rustic
joyfully
sobbing
abyss
Death
medical
Perhaps
Nobility
sauce
clustered
sublime
apostrophise
solicitude
cuffs
pause
sharpened
plaintiff
at
disappointed
solitary
Hebrew
forborne
mortar
sons
difficulties
delusion
stooping
farmer's
Neuf
Says
condemned
emphatic
Didn't
dissimulation
pile
Kicked
acquittal
wielders
amiably
knock
alighting
pursuer
every
image
Cruncher
achievements
elbow
associated
assented
So
remonstrance
holes
Funerals
tedious
luxurious
satisfaction
repair
unshaded
clinging
citizeness
fickleness
monsieur's
speeding
Most
befitting
material
Gabelle
nerve
unluckily
disease
flourishing
Ace
midday
longevity
impeaching
unhappy
met
rise
sprinkled
gravestones
Molten
rods
vaults
mismanagement
judge
revive
jaws
labourer
inscribed
I'm
uncomplaining
caution
Ecclesiastic
fervent
heaving
joining
warn't
Formerly
naked
arise
engendered
excellent
sneezed
mounted
beaming
matrimonial
devils
Standing
covered
growling
this
Lift
barbarous
announce
delve
mutton
knee
took
shoemaker
apples
woods
grip
preserves
cabin
lacquey
palest
cesspools
usefulness
fetters
Judge's
decorated
creep
deny
accidental
denial
thinness
variously
dominion
except
old
harnessed
remaining
hearted
divined
inspiring
deluge
frequently
straightforward
off
corridor
growled
communicate
jewels
refinement
she
thank
appreciated
devoutest
marshy
pastime
Eternal
asunder
considerable
below
then
Perfectly
inquiries
pen
brisk
the
hoarsely
theory
stamped
revival
gusts
chorus
comparatively
particles
alacrity
concealed
marked
exclamation
Driven
weathers
express
touch
benumbed
brick
armorial
deprivation
poverty
lodger
point
tender
shrugs
obliging
vendor
withdrew
collecting
text
claim
allied
stockinged
safe
conditioned
song
originator
shaking
judges
vineyards
exile
keenness
airy
seem
futur'
barely
man's
Aha
Snooks
morning's
understood
spot
Behold
echoing
passengers
lounge
untroubled
self
dropped
mix
foreigners
paupers
horrible
modern
peeping
catechist
lashed
hardest
embarrassed
brightness
preliminaries
statue
crossing
doorpost
freed
oppose
Two
birth
Lord
snowing
sanguine
proceeding
smothered
steady
dug
disciple
labour
Draw
arms
assorted
Rip
rejection
track
thatched
purposeless
presence
dangers
failure
ear
thee
shows
gaol
topmost
Silent
or
dreadfully
rifting
handkerchief
steering
youth
acquaintance
strangest
Villain
reverse
grind
resources
stretch
line
woman
Coming
stretching
Gardens
dank
submissive
tribunal
tyranny
inasmuch
intermediate
picking
complaints
industry
positively
misdoubted
exactly
am
studied
washed
pointed
brim
sweat
Cannon
flaming
Along
local
indication
unspeakable
'Monsieur
Grindstone
string
brow
recklessly
estates
contrary
Judges
customers
indistinct
Gazette
peasant
originated
lovingly
directed
monks
fain
Troubled
rescued
monstrous
plunge
snatches
captive
hanged
ballad
wicket
resound
fainting
distress
sterner
climbed
borrow
fascinated
unsuccessful
cavernous
intense
housebreaker
admitted
preserve
exact
inclined
painted
domesticated
Entreat
bricks
ingenious
glancing
statues
entries
these
headgear
distrusted
there
foe
encouraged
to
drily
plan
veil
certainly
noisome
cleaner
endeavour
ragged
grizzled
individually
loss
scratched
answer
Gone
hungry
enthusiastically
twinkling
heavier
watchful
excepting
idea
Spare
Examined
fair
sinister
processions
scantily
greedily
fury
new
spirit
handsomest
perspective
rest
dragged
excepted
ancestors
flowed
re
You'd
Shrewsbury
thus
broken
permanent
revulsion
balances
stumbled
Provide
random
scramble
asseveration
hew
hoisted
powers
Sir
decomposition
summits
hoped
inseparable
confinement
grist
harbour
gratefully
canonised
timid
injury
drifted
shamefully
eleven
emblem
determined
released
surgeon
alone
securely
request
denunciation
respectable
President
lady
stifled
perpetually
sand
sawyer
insufferable
talking
trembling
conceived
beating
overbearing
observations
shuddered
scientific
haunches
imply
surrender
sensual
floors
Marry
Physician
grudging
interested
smelling
provide
beckoned
league
doctors'
interval
laced
declare
over
beware
overshadowed
successor
diverted
inconsistency
continuously
Any
animosity
fearless
harvest
spies
national
churches
postilion
Games
Judiciously
driven
rehearsed
footsore
odds
observable
bushels
brood
fix
persuasion
insisted
ostentatious
engaged
instructed
prominent
apple
uniform
redress
sentimental
faces
hoarser
journey
High
season
actual
injuring
whosoever
rank
surprise
reply
superintendence
clothed
military
studious
lounged
instant
preparing
experience
huts
Celebration
elicit
qualities
abject
supper
flickered
losing
circuit
loved
grinning
Smith's
harping
airily
masses
cursed
expected
eternal
frock
real
grounds
bunches
nothing
pools
brigand
harsh
assurance
unlawful
Manette's
approve
baker's
stage
adjusted
fruits
uncle's
risen
than
pride
recklessness
Creator
B
combated
gory
rate
sour
crumpled
Hi
might
spires
Thread
stead
Alarm
weapon
tower
Scientific
borne
decomposing
dance
jingling
enchantment
Forward
busy
Nevertheless
Divine
roofed
resistance
ripened
haired
He'd
dozen
spade
unreality
robe
cook's
tears
painfully
names
forms
weak
illustrious
Suspicion
reversionary
latest
disclose
Tribunal
generations
stole
Although
ajar
extending
retirement
furtively
audibly
overfraught
foreigner
Detestation
propensities
delighted
clatter
fluttering
eighteen
Military
pier
least
story
correctly
moister
misty
fidget
sprinkling
Darkness
Rather
noises
soiled
he's
alert
unaccountable
defiance
thrown
misgiving
Disappointment
changingly
triumph
Rounding
twitching
corn
Doctor
bestowal
A
wretchedly
blameless
populace
lookers
regeneration
resort
speaking
Jack
something
jaggedly
wretch
sports
remedies
indoor
improved
approved
lucky
professionally
emaciated
Plea
caught
dwell
relays
Hand
fired
gaolers
lifeless
unprosperous
warned
a
spy
caresses
examining
imprisonment
urchin
observed
sulky
strangely
engagement
retaliative
afterwards
provided
greatly
stately
retain
sigh
lords
characters
assignation
stitches
apology
shameful
gliding
misfortune
crops
liveth
akin
troubling
burning
knowing
shadow
questionable
exordium
father's
terminate
promise
lowest
excluded
spoils
although
vain
appellation
corkscrew
area
shadows
whispering
compound
implacable
foot
anger
mutual
ubiquitous
irresolute
Roger
sarse
vivacious
afternoon
saint's
traffic
shelving
Open
wrap
nestled
One
plaiting
smoked
transition
pausing
'Let
henceforth
devil
darling
betwixt
funeral
intangible
two
mud
keepin'
grunt
viands
Down
beard
emissary
Many
imposing
chased
Lucie
unrobed
emigrant
crept
methodical
violent
packing
life
comer
notion
poorer
shilling
Bull's
States
dissonance
troops
devoted
bride
meagre
hammer
upturning
minds
tread
weeping
mistrust
reality
hopefulness
turnkey's
malevolent
accomplished
silence
other
faded
awaiting
midnight
unceasingly
coach
Ladybird's
disturbance
complicated
declaiming
overspread
Shave
composure
specimens
impassable
cowardice
jerks
Touching
yourn
probable
assemblage
menace
endure
May
length
swept
warbled
case
posted
floating
on
compelled
matted
Hear
workman
uneven
forlorner
long
bespattered
lion
affectionately
seaward
used
unchangeable
regarded
taste
Comedy
inscrutables
Affected
Twenty
boiling
merely
stateliness
denied
habitually
negligence
lie
windmill
thickest
Each
strangled
waggonloads
towards
swing
soothed
adjourned
plain
hedge
draught
likely
confronting
Speak
thankless
converse
helping
battered
drop
supervised
grey
boots
Make
unfastened
Brother
cherish
ostrich
villages
invested
precisely
assailant
proposal
Guillotine
male
are
eagerness
need
wider
wounds
excusing
solemn
precision
unmixed
Echoing
pronounced
rousing
unnatural
ran
regarding
mirrors
scarcity
wital
whistling
ancient
reach
bearings
nail
raw
erring
probably
craven
workmen
satisfy
'bring
move
stunned
require
yells
admirable
judged
surrounding
substitutes
unrelenting
Oh
tainted
universal
Americans
interest
strivings
mugs
ignobly
custodian
Wind
hunted
Royalty
Released
consequences
Witness
hollowness
disappear
aback
FRENCH
This
stories
showed
speaks
mentioning
rescue
discourse
whirrs
ninepence
mile
Frantic
backward
drearily
headless
vehicles
sugar
retreated
rings
Privy
relying
smite
sighted
amazed
slowly
trustees
did
stew
stores
almost
disorder
slunk
perplexity
despatch
hate
arrangement
privileged
barred
emphatically
solemnity
empties
resounded
stamping
opening
Guess
pillory
completion
means
quash
suspected
intensified
contrasted
outrage
embroidering
Lucifer's
pains
giddinesses
handmaid
mender
Records
Loitering
hall
affably
succession
feathered
coming
attendance
agony
Disposing
lodging
respectin'
illustrations
beauty
repressing
darkest
clouds
Ear
disused
ruined
joker
rich
displeased
rapping
bawled
tries
liable
coaxed
moaningly
student's
observe
Bacchanalian
hence
Yo
cognac
twice
lined
breaking
footstep
aspired
mixing
vacant
confidentially
stowed
terrific
wheat
vainest
inappropriate
sheltered
endanger
religious
strung
Lorry's
broad
adorned
happily
outlive
habit
talisman
Temple
judicious
attract
publicly
exceptions
singing
Drop
generally
security
powerfully
intervening
completeness
religiously
denouncing
Bless
Accursed
profoundly
enjoyable
exist
Forgeries
townspeople
bathed
tools
furious
proceed
parties
fit
poet
correspondingly
Anybody
Forced
Just
property
Wednesday
any
la
cutter
originate
pickle
shied
overhead
howsoever
twelve
Pledge
reconcilement
sees
immense
wasted
armed
ribbons
parish
renunciation
smoothing
testify
sermon
atheistical
pictures
Notwithstanding
CITIES
'Nevertheless
opposing
inmate
charming
Vacation
sentencing
tiptoe
careful
pronunciation
conversing
Cock
inherited
ward
stir
thou
elicited
sprig
casual
vague
calm
stabs
sleepy
crimson
biting
especially
Bravo
scoops
scrapings
marking
guillotined
recovering
rendered
insomuch
disdainful
surviving
miraculous
terror
fragment
pacifically
forcible
multitudes
British
blowings
arches
intellectual
eye
acquiesced
indignant
dusty
scaling
grant
dawn
Bench
effort
Minister
unforeseen
gladness
blazed
milled
wilderness
intricate
coats
afforded
boastfully
hoarsest
audible
lies
nigh
abruptly
fully
pestilence
foreman
pursued
recognised
patients
depth
Sessions
criminal
Mother
Got
confidences
dimmer
better
luck
upon
trampled
Extraordinary
undergo
finally
keepers
purported
capitulated
patch
envy
threw
add
Hush
boxes
waited
inward
impassive
wait
beams
grimaces
swelling
capable
picked
restoring
pocket
CONTENTS
reflected
awakened
sadness
make
suppliant
Light
rolled
handsome
ringed
beforehand
shop
transitory
benevolent
barren
Sleep
plundering
mutilation
dyed
travelling
watched
tearing
stench
marvellously
riders
replaced
culminating
apprehend
gainsay
cover
cellars
vision
yourselves
submitted
ours
Buried
strewn
screeching
restraint
profligates
humbly
forgetting
invigorated
win
drunken
Quickly
scatter
florid
explosive
crazed
aiming
staid
stayed
stated
depends
companionship
unlike
harm's
prisoners'
Probably
decide
Influence
bent
Friends
mind
detached
ready
with
assumption
softened
Besides
prevailing
fabulous
provocation
mounting
Unbelieving
true
witnesses
handle
Promise
reassuring
designation
towed
thousand
Porter
Cambridge
considering
stupor
Cupid
departing
Saint's
imaginings
startles
acquired
saucer
neglects
roadside
fishing
piercing
reviving
Casting
sipped
says
grossly
presently
Beggars
hotel
endued
omened
unearthly
crisp
cupboards
chief
Without
Heaven
eccentricity
backed
taint
utterer
flapping
turbulently
unavailing
naming
theirs
timidity
organs
unchanged
landscape
charmed
Vauxhall
unfit
abstraction
journey's
emissaries
settlement
sextons
intelligible
vinous
Canada
Tuesday
staves
yourself
we
occupants
live
undisturbed
galleries
appointed
bride's
signified
somebody
aloud
accost
greedy
drapery
dues
saving
official
own
perfection
orthodoxy
XII
admonish
comfort
behold
forester
distractions
saddened
humanising
writer
Chambers
joints
thrilled
direct
reliefs
Such
learned
climbing
fences
Sounds
blindnesses
pillaged
craft
ecclesiastics
handy
members
addressing
Damiens
expectations
instead
edge
statement
puddles
felicitously
superlative
easiest
fancies
entrance
obeyed
athirst
breadth
staircases
Ma'amselle
mystery
faithful
straw
needy
allowed
cruelest
boldest
possible
wife
vaunting
denounce
reigning
mob
studying
infamy
housekeeping
early
extravagant
cocking
conwictions
M
quieted
satisfied
wrongfully
seventeen
TO
His
practicable
goblin
wretched
'It
warning
latent
brown
waves
practical
professions
traffickers
gallant
fidelity
waking
suspicion
imagined
fine
caressing
chronicle
entertain
sleeve
coffee
bearers
headache
anything
windy
exertions
trusty
dense
rational
oiled
postponed
distracted
Paris
curtains
knowed
loads
virtually
disparaging
Revolutionary
smell
crippling
patron
marble
magician
insults
Knock
third
forensic
's
syllable
Clerkenwell
Mangle
telegraph
recognition
astonished
filling
linstock
companion
admire
unusual
sister's
reclaimed
miseries
recourse
buffeted
bundle
Tower
passerby
counters
quieting
patched
peering
On
commended
sham
'I
dog
ironical
occasional
injunctions
disturbing
respected
Second
derived
butted
blew
anxieties
murdering
beach
Carton
abided
humanity
sensitiveness
brazen
traps
Soon
reflecting
flaps
gorgeous
amazingly
shaggy
forehead
babble
blessing
tapped
Vacation's
Monday
criminals
cruel
ninth
Pull
croaked
mistakes
bootless
Judgment
junior
laughingly
prince
views
Sounding
relieve
administered
arched
sacked
four
doctors
betrothed
Brief
slaves
darkening
opinions
untold
war
pigmy
Can
trying
garb
forced
wells
unbecoming
twined
methodically
Twice
notorious
such
aquiline
flay
Wretched
Neither
girded
messieurs
vehemence
books
treasonable
lightest
misdirected
baffled
holder
persevering
Lord's
shaped
winds
lame
triumphant
unprotected
domicile
surmounted
usually
cough
madness
August
Give
morrow's
animated
tear
guest
appealing
murdered
XI
inanimate
strikingly
gaoler's
parting
J
incorrigible
crowds
imitated
behoved
lying
repeated
dead
expressing
unworthily
greatest
villagers
tri
pardon
pencil
Boulogne
its
booting
flight
workers
discussion
madly
fifty
stained
attempts
apartments
nurse
instalment
porterage
Patriots
plainer
torture
Saturday
beamingly
blade
sighing
Jerry's
livelier
cousin
unlucky
turns
liveliest
fraternity
truth
outside
suggestion
agreement
conducive
soot
autumn
arisen
Heralded
harness
Whose
shell
crash
sphere
perverted
considerations
popularly
abrupt
present
harass
patient
fifth
reserve
sickly
persistent
cry
sultry
oppresses
dismiss
drying
Reception
obliged
doctor
standard
sweeps
note
amends
unsuspicious
ordinary
smiling
hovel
fourteenth
goin'
sob
raise
reckless
somewhat
women's
bonnet
tracked
truest
execrations
unsuitable
sing
horribly
embroidery
fresher
diffidence
Washington
frizzling
permitted
delicacy
relics
grinds
Round
cup
inconsistent
initials
complain
opposed
conflagration
soldier
relish
actively
First
worse
Could
die
internally
horses
abandoned
chaise
frolicsome
haughty
swart
Common
conducted
imperative
stopping
unaccustomed
errand
nimbly
thief
pointedly
jostlement
held
dozens
reduced
forgetful
Proud
help
Another
sport
bravery
abridge
eddy
reminder
once
compatriot
face
slapping
disturb
poring
peasants'
crow's
soberer
tannery
talked
width
dined
destroyed
cannonier
citizen
whereas
questioner
faculties
prayers
deserve
cushion
bonfires
arm
crowns
supplied
wistfully
voices
bag
trepidation
myself
elevated
darkened
remember
unfounded
Man
member
arrested
Who
France
fortitude
patiently
untrimmed
reek
contrasting
stack
bit
ideas
indicated
wearer's
varieties
fare
soured
idiotic
spun
clumsily
drummer
large
loaf
Drive
mutinous
debauchery
infants'
engrossing
deliverance
shiver
hearts
spiritual
Look
corridors
silences
spoilt
thicken
avert
wrapper
taxers
throughout
coin
Gorgon's
changing
drank
tried
Later
rider
terms
staring
unhandsomely
brevity
comply
jarring
firmness
utmost
Who's
theatres
pinioned
striding
doubtless
Undoubtedly
chancing
caldron
Jarvis
savage
feels
noticeable
bearer
skid
Likewise
'At
referring
moss
rope
instrument
lodge
bereft
conferred
craving
surprising
Goddess
loyal
repeople
footstool
Woe
Weep
disclosed
repent
confuse
Ashantee
pilgrimages
clears
Centre
mobbed
Past
vista
nevertheless
street
swallowing
typified
sea
faced
dispersed
learnt
crew
Peasant
flourish
Dolt
fearful
advised
no
striking
give
whenever
Sadly
Recall
blow
letting
clay
incommodious
luminous
dipped
Committee
original
house
respectability
ledges
cowed
doctrines
repassing
'and
passages
halls
accurately
accordance
theatre
closed
superseded
speech
attendant
yawned
butt
paler
tickle
press
dirtier
offences
be
Not
efficacy
ninety
engine
Secretary
intolerable
suspended
Fancy
infected
seen
pointing
stationed
drawers
pipes
due
Dwell
'has
abroad
Steady
circumstantial
frothed
heads
exultant
having
discontent
profound
Repression
Humph
sanctuary
Impelled
wisely
medicines
adequately
Doctor's
billet
Why
'Since
senses
regularly
feasting
their
traitorous
detriment
care
Bankruptcy
'Marquis
forwarded
expectation
praying
Wo
Blazing
swaying
exterminated
seized
flag
matter
bumped
Receiving
drainage
each
immediate
atrocious
bless
refresh
fulness
Distant
precept
arrived
Walking
horrified
Hailing
constancy
Dinner
another's
filtered
granted
provincial
reproachful
Fortune
Custom
oath
event
disconcerted
examination
horizontal
swords
fighting
listener's
fears
wiped
touched
stature
Ridges
one
seemed
there's
depths
doubting
sleeping
tillers
equidistant
cylinder
flashed
finances
allusion
struggle
certain
approached
desirable
hi
letters
gallows
convenient
Bankers
ghastliness
suppers
discoloured
food
trial
estimate
vortex
supernaturally
evaded
Newgate
equably
docile
degrees
wormy
contrivances
pulse
robed
responded
tavern
rarity
formally
agreed
impostors
forgotten
gradual
fiercely
beseeching
rough
nay
youths
overloading
reassurance
groan
boards
working
lips
grains
covering
eighty
carved
prevented
approaches
Pross's
blossomed
friendship
THOU
spark
notes
cried
unwilling
fanciful
Aristocrats
meditations
brave
conclusion
leader
gathered
circuitously
remotely
ties
quavering
heavy
renewal
Frustrate
Pitt
Universal
infallibly
borders
purposes
cushions
inveteracy
dress
winnowing
errors
removed
designedly
snipped
Master
moisture
ask
whitewashed
culpability
confirmable
'Yes
husky
counterfeit
wing
loud
littered
helpful
polite
Except
What
Adieu
finds
purses
How
cart
Tellson
swearing
uproar
descending
weighs
rattling
dogged
supposition
Anno
glare
Gorgon
Others
nursed
Justice
ropes
intend
gateway
myriads
supreme
angering
Barsad's
eternally
doesn't
poisoning
mid
fastening
immovable
further
worst
breathe
consideration
protect
cadaverous
tongues
argument
privately
reddened
abreast
deceased
devilishly
occasion
bakers'
superiority
types
modesty
spear
advice
temper
folding
ashes
holy
worshippers
Spi
frowned
Both
sorrows
impossibility
had
combination
clattered
awkward
cane
gentleness
i
united
hammering
pleased
occasions
terrified
pursuits
clapped
forbidden
healths
board
back
follies
strew
brain
peasant's
jests
permission
hither
prospering
compassion
stranger
curtained
unconsciously
al
flashing
downstairs
rickety
trap
presume
traversing
ominous
ruinous
serve
Confused
door
brooding
Growling
Witnesses
demonstrations
spending
brocade
qualms
transport
yonder
Steeping
Swinging
dingiest
cringing
Rain
packets
Back
Jackal
contracted
trouble
sagacious
rusted
Rights
bond
House
quarters
Environed
Sheep
sure
chalk
hurries
pin
bearing
kneel
appreciate
South
interfering
Stop
parcelled
glutinous
grain
confusion
ashy
survey
keeps
commonly
hastily
servant
knuckles
sacrifice
Also
chronically
prejudged
rave
prevention
newly
range
immemorial
G
angels
mindful
stupefied
rejoicing
testimony
mischance
stones
purple
Always
expressions
guilt
foreseen
brandy
innermost
presiding
girlhood
whims
past
cleaning
Paul's
toy
silks
ebb
menacing
moral
came
crookedly
shortly
revealing
flop
croaking
Altogether
let's
Emigrants
taxed
government
hired
den
settling
touching
Quarter
flambeaux
facts
loving
Art
told
shall
Fool
features
style
Madame
divide
unglazed
circulated
Secret
companions
thundering
instinct
cool
funereal
restlessness
gossamer
authorities
wings
rays
Or
dwelt
contemptuous
trustee
obliterating
stimulating
resides
Out
contagion
Truly
correspondence
substantial
plentiful
Provincial
cupids
swarming
milder
cottages
signally
nonsense
meal
intently
nostril
needed
answers
poor
physically
weren't
wot's
illusion
scavenger
adorable
rustling
acclamation
messages
shred
drawbridge
massacred
sunlight
gravity
assemble
Willingly
smash
liberality
resignedly
wigs
Hem
destined
blot
slight
relenting
tact
poultry
collection
vilest
beery
estrangement
grumbling
Killed
visages
foam
impertinence
artless
Come
doorways
mortal
tables
incommodiousness
gridiron
exclaimed
levity
hunting
Possibly
fairy
experiments
cooks
army
issue
Change
expiation
blatant
indictment
philosophy
bending
drawbridges
ripples
elder
uncontrollable
confer
swoon
conceded
wholesome
theatrical
warped
shaded
rags
rumble
regret
continuous
governor
consolation
